CRITICAL - 2024-11-01 00:38:04 --> ErrorException: Undefined array key "nama"
[Method: GET, Route: /]
in APPPATH\Views\beranda.php on line 13.
 1 APPPATH\Views\beranda.php(13): CodeIgniter\Debug\Exceptions->errorHandler(2, 'Undefined array key "nama"', 'C:\\laragon\\www\\storetraining2\\app\\Views\\beranda.php', 13)
 2 SYSTEMPATH\View\View.php(234): include('C:\\laragon\\www\\storetraining2\\app\\Views\\beranda.php')
 3 SYSTEMPATH\View\View.php(237): CodeIgniter\View\View->CodeIgniter\View\{closure}()
 4 SYSTEMPATH\Common.php(1171): CodeIgniter\View\View->render('beranda', [], true)
 5 APPPATH\Controllers\BerandaController.php(20): view('beranda', [...])
 6 SYSTEMPATH\CodeIgniter.php(933): App\Controllers\BerandaController->index()
 7 SYSTEMPATH\CodeIgniter.php(509): CodeIgniter\CodeIgniter->runController(Object(App\Controllers\BerandaController))
 8 SYSTEMPATH\CodeIgniter.php(355): CodeIgniter\CodeIgniter->handleRequest(null, Object(Config\Cache), false)
 9 SYSTEMPATH\Boot.php(325): CodeIgniter\CodeIgniter->run()
10 SYSTEMPATH\Boot.php(67): CodeIgniter\Boot::runCodeIgniter(Object(CodeIgniter\CodeIgniter))
11 FCPATH\index.php(56): CodeIgniter\Boot::bootWeb(Object(Config\Paths))
12 SYSTEMPATH\rewrite.php(44): require_once('C:\\laragon\\www\\storetraining2\\public\\index.php')
CRITICAL - 2024-11-01 00:39:04 --> ErrorException: Undefined array key "nama"
[Method: GET, Route: /]
in APPPATH\Views\beranda.php on line 13.
 1 APPPATH\Views\beranda.php(13): CodeIgniter\Debug\Exceptions->errorHandler(2, 'Undefined array key "nama"', 'C:\\laragon\\www\\storetraining2\\app\\Views\\beranda.php', 13)
 2 SYSTEMPATH\View\View.php(234): include('C:\\laragon\\www\\storetraining2\\app\\Views\\beranda.php')
 3 SYSTEMPATH\View\View.php(237): CodeIgniter\View\View->CodeIgniter\View\{closure}()
 4 SYSTEMPATH\Common.php(1171): CodeIgniter\View\View->render('beranda', [], true)
 5 APPPATH\Controllers\BerandaController.php(20): view('beranda', [...])
 6 SYSTEMPATH\CodeIgniter.php(933): App\Controllers\BerandaController->index()
 7 SYSTEMPATH\CodeIgniter.php(509): CodeIgniter\CodeIgniter->runController(Object(App\Controllers\BerandaController))
 8 SYSTEMPATH\CodeIgniter.php(355): CodeIgniter\CodeIgniter->handleRequest(null, Object(Config\Cache), false)
 9 SYSTEMPATH\Boot.php(325): CodeIgniter\CodeIgniter->run()
10 SYSTEMPATH\Boot.php(67): CodeIgniter\Boot::runCodeIgniter(Object(CodeIgniter\CodeIgniter))
11 FCPATH\index.php(56): CodeIgniter\Boot::bootWeb(Object(Config\Paths))
12 SYSTEMPATH\rewrite.php(44): require_once('C:\\laragon\\www\\storetraining2\\public\\index.php')
CRITICAL - 2024-11-01 00:39:05 --> ErrorException: Undefined array key "nama"
[Method: GET, Route: /]
in APPPATH\Views\beranda.php on line 13.
 1 APPPATH\Views\beranda.php(13): CodeIgniter\Debug\Exceptions->errorHandler(2, 'Undefined array key "nama"', 'C:\\laragon\\www\\storetraining2\\app\\Views\\beranda.php', 13)
 2 SYSTEMPATH\View\View.php(234): include('C:\\laragon\\www\\storetraining2\\app\\Views\\beranda.php')
 3 SYSTEMPATH\View\View.php(237): CodeIgniter\View\View->CodeIgniter\View\{closure}()
 4 SYSTEMPATH\Common.php(1171): CodeIgniter\View\View->render('beranda', [], true)
 5 APPPATH\Controllers\BerandaController.php(20): view('beranda', [...])
 6 SYSTEMPATH\CodeIgniter.php(933): App\Controllers\BerandaController->index()
 7 SYSTEMPATH\CodeIgniter.php(509): CodeIgniter\CodeIgniter->runController(Object(App\Controllers\BerandaController))
 8 SYSTEMPATH\CodeIgniter.php(355): CodeIgniter\CodeIgniter->handleRequest(null, Object(Config\Cache), false)
 9 SYSTEMPATH\Boot.php(325): CodeIgniter\CodeIgniter->run()
10 SYSTEMPATH\Boot.php(67): CodeIgniter\Boot::runCodeIgniter(Object(CodeIgniter\CodeIgniter))
11 FCPATH\index.php(56): CodeIgniter\Boot::bootWeb(Object(Config\Paths))
12 SYSTEMPATH\rewrite.php(44): require_once('C:\\laragon\\www\\storetraining2\\public\\index.php')
ERROR - 2024-11-01 00:43:13 --> mysqli_sql_exception: Unknown table 'role_rapat' in C:\laragon\www\storetraining2\system\Database\MySQLi\Connection.php:312
Stack trace:
#0 C:\laragon\www\storetraining2\system\Database\MySQLi\Connection.php(312): mysqli->query('SELECT `role_ra...', 0)
#1 C:\laragon\www\storetraining2\system\Database\BaseConnection.php(734): CodeIgniter\Database\MySQLi\Connection->execute('SELECT `role_ra...')
#2 C:\laragon\www\storetraining2\system\Database\BaseConnection.php(648): CodeIgniter\Database\BaseConnection->simpleQuery('SELECT `role_ra...')
#3 C:\laragon\www\storetraining2\system\Database\BaseBuilder.php(1644): CodeIgniter\Database\BaseConnection->query('SELECT `role_ra...', Array, false)
#4 C:\laragon\www\storetraining2\system\Model.php(286): CodeIgniter\Database\BaseBuilder->get()
#5 C:\laragon\www\storetraining2\system\BaseModel.php(676): CodeIgniter\Model->doFindAll(0, 0)
#6 C:\laragon\www\storetraining2\app\Controllers\BerandaController.php(41): CodeIgniter\BaseModel->findAll()
#7 C:\laragon\www\storetraining2\system\CodeIgniter.php(933): App\Controllers\BerandaController->index()
#8 C:\laragon\www\storetraining2\system\CodeIgniter.php(509): CodeIgniter\CodeIgniter->runController(Object(App\Controllers\BerandaController))
#9 C:\laragon\www\storetraining2\system\CodeIgniter.php(355): CodeIgniter\CodeIgniter->handleRequest(NULL, Object(Config\Cache), false)
#10 C:\laragon\www\storetraining2\system\Boot.php(325): CodeIgniter\CodeIgniter->run()
#11 C:\laragon\www\storetraining2\system\Boot.php(67): CodeIgniter\Boot::runCodeIgniter(Object(CodeIgniter\CodeIgniter))
#12 C:\laragon\www\storetraining2\public\index.php(56): CodeIgniter\Boot::bootWeb(Object(Config\Paths))
#13 C:\laragon\www\storetraining2\system\rewrite.php(44): require_once('C:\\laragon\\www\\...')
#14 {main}
CRITICAL - 2024-11-01 00:43:13 --> CodeIgniter\Database\Exceptions\DatabaseException: Unknown table 'role_rapat'
[Method: GET, Route: beranda]
in SYSTEMPATH\Database\BaseConnection.php on line 688.
 1 SYSTEMPATH\Database\BaseBuilder.php(1644): CodeIgniter\Database\BaseConnection->query('SELECT `role_rapat`.*, `users`.`nama` as `user_name`
FROM `rolerapat`
JOIN `users` ON `role_rapat`.`id_users` = `users`.`id`
WHERE `role_rapat`.`id_rapat` = :role_rapat.id_rapat:', [...], false)
 2 SYSTEMPATH\Model.php(286): CodeIgniter\Database\BaseBuilder->get()
 3 SYSTEMPATH\BaseModel.php(676): CodeIgniter\Model->doFindAll(0, 0)
 4 APPPATH\Controllers\BerandaController.php(41): CodeIgniter\BaseModel->findAll()
 5 SYSTEMPATH\CodeIgniter.php(933): App\Controllers\BerandaController->index()
 6 SYSTEMPATH\CodeIgniter.php(509): CodeIgniter\CodeIgniter->runController(Object(App\Controllers\BerandaController))
 7 SYSTEMPATH\CodeIgniter.php(355): CodeIgniter\CodeIgniter->handleRequest(null, Object(Config\Cache), false)
 8 SYSTEMPATH\Boot.php(325): CodeIgniter\CodeIgniter->run()
 9 SYSTEMPATH\Boot.php(67): CodeIgniter\Boot::runCodeIgniter(Object(CodeIgniter\CodeIgniter))
10 FCPATH\index.php(56): CodeIgniter\Boot::bootWeb(Object(Config\Paths))
11 SYSTEMPATH\rewrite.php(44): require_once('C:\\laragon\\www\\storetraining2\\public\\index.php')
CRITICAL - 2024-11-01 00:43:13 --> [Caused by] CodeIgniter\Database\Exceptions\DatabaseException: Unknown table 'role_rapat'
in SYSTEMPATH\Database\MySQLi\Connection.php on line 317.
 1 SYSTEMPATH\Database\BaseConnection.php(734): CodeIgniter\Database\MySQLi\Connection->execute('SELECT `role_rapat`.*, `users`.`nama` as `user_name`
FROM `rolerapat`
JOIN `users` ON `role_rapat`.`id_users` = `users`.`id`
WHERE `role_rapat`.`id_rapat` = \'1\'')
 2 SYSTEMPATH\Database\BaseConnection.php(648): CodeIgniter\Database\BaseConnection->simpleQuery('SELECT `role_rapat`.*, `users`.`nama` as `user_name`
FROM `rolerapat`
JOIN `users` ON `role_rapat`.`id_users` = `users`.`id`
WHERE `role_rapat`.`id_rapat` = \'1\'')
 3 SYSTEMPATH\Database\BaseBuilder.php(1644): CodeIgniter\Database\BaseConnection->query('SELECT `role_rapat`.*, `users`.`nama` as `user_name`
FROM `rolerapat`
JOIN `users` ON `role_rapat`.`id_users` = `users`.`id`
WHERE `role_rapat`.`id_rapat` = :role_rapat.id_rapat:', [...], false)
 4 SYSTEMPATH\Model.php(286): CodeIgniter\Database\BaseBuilder->get()
 5 SYSTEMPATH\BaseModel.php(676): CodeIgniter\Model->doFindAll(0, 0)
 6 APPPATH\Controllers\BerandaController.php(41): CodeIgniter\BaseModel->findAll()
 7 SYSTEMPATH\CodeIgniter.php(933): App\Controllers\BerandaController->index()
 8 SYSTEMPATH\CodeIgniter.php(509): CodeIgniter\CodeIgniter->runController(Object(App\Controllers\BerandaController))
 9 SYSTEMPATH\CodeIgniter.php(355): CodeIgniter\CodeIgniter->handleRequest(null, Object(Config\Cache), false)
10 SYSTEMPATH\Boot.php(325): CodeIgniter\CodeIgniter->run()
11 SYSTEMPATH\Boot.php(67): CodeIgniter\Boot::runCodeIgniter(Object(CodeIgniter\CodeIgniter))
12 FCPATH\index.php(56): CodeIgniter\Boot::bootWeb(Object(Config\Paths))
13 SYSTEMPATH\rewrite.php(44): require_once('C:\\laragon\\www\\storetraining2\\public\\index.php')
CRITICAL - 2024-11-01 00:43:13 --> [Caused by] mysqli_sql_exception: Unknown table 'role_rapat'
in SYSTEMPATH\Database\MySQLi\Connection.php on line 312.
 1 SYSTEMPATH\Database\MySQLi\Connection.php(312): mysqli->query('SELECT `role_rapat`.*, `users`.`nama` as `user_name`
FROM `rolerapat`
JOIN `users` ON `role_rapat`.`id_users` = `users`.`id`
WHERE `role_rapat`.`id_rapat` = \'1\'', 0)
 2 SYSTEMPATH\Database\BaseConnection.php(734): CodeIgniter\Database\MySQLi\Connection->execute('SELECT `role_rapat`.*, `users`.`nama` as `user_name`
FROM `rolerapat`
JOIN `users` ON `role_rapat`.`id_users` = `users`.`id`
WHERE `role_rapat`.`id_rapat` = \'1\'')
 3 SYSTEMPATH\Database\BaseConnection.php(648): CodeIgniter\Database\BaseConnection->simpleQuery('SELECT `role_rapat`.*, `users`.`nama` as `user_name`
FROM `rolerapat`
JOIN `users` ON `role_rapat`.`id_users` = `users`.`id`
WHERE `role_rapat`.`id_rapat` = \'1\'')
 4 SYSTEMPATH\Database\BaseBuilder.php(1644): CodeIgniter\Database\BaseConnection->query('SELECT `role_rapat`.*, `users`.`nama` as `user_name`
FROM `rolerapat`
JOIN `users` ON `role_rapat`.`id_users` = `users`.`id`
WHERE `role_rapat`.`id_rapat` = :role_rapat.id_rapat:', [...], false)
 5 SYSTEMPATH\Model.php(286): CodeIgniter\Database\BaseBuilder->get()
 6 SYSTEMPATH\BaseModel.php(676): CodeIgniter\Model->doFindAll(0, 0)
 7 APPPATH\Controllers\BerandaController.php(41): CodeIgniter\BaseModel->findAll()
 8 SYSTEMPATH\CodeIgniter.php(933): App\Controllers\BerandaController->index()
 9 SYSTEMPATH\CodeIgniter.php(509): CodeIgniter\CodeIgniter->runController(Object(App\Controllers\BerandaController))
10 SYSTEMPATH\CodeIgniter.php(355): CodeIgniter\CodeIgniter->handleRequest(null, Object(Config\Cache), false)
11 SYSTEMPATH\Boot.php(325): CodeIgniter\CodeIgniter->run()
12 SYSTEMPATH\Boot.php(67): CodeIgniter\Boot::runCodeIgniter(Object(CodeIgniter\CodeIgniter))
13 FCPATH\index.php(56): CodeIgniter\Boot::bootWeb(Object(Config\Paths))
14 SYSTEMPATH\rewrite.php(44): require_once('C:\\laragon\\www\\storetraining2\\public\\index.php')
CRITICAL - 2024-11-01 03:37:29 --> ErrorException: Undefined variable $jumlah_rapat
[Method: GET, Route: beranda]
in APPPATH\Views\beranda.php on line 35.
 1 APPPATH\Views\beranda.php(35): CodeIgniter\Debug\Exceptions->errorHandler(2, 'Undefined variable $jumlah_rapat', 'C:\\laragon\\www\\storetraining2\\app\\Views\\beranda.php', 35)
 2 SYSTEMPATH\View\View.php(234): include('C:\\laragon\\www\\storetraining2\\app\\Views\\beranda.php')
 3 SYSTEMPATH\View\View.php(237): CodeIgniter\View\View->CodeIgniter\View\{closure}()
 4 SYSTEMPATH\Common.php(1171): CodeIgniter\View\View->render('beranda', [], true)
 5 APPPATH\Controllers\BerandaController.php(40): view('beranda', [...])
 6 SYSTEMPATH\CodeIgniter.php(933): App\Controllers\BerandaController->index()
 7 SYSTEMPATH\CodeIgniter.php(509): CodeIgniter\CodeIgniter->runController(Object(App\Controllers\BerandaController))
 8 SYSTEMPATH\CodeIgniter.php(355): CodeIgniter\CodeIgniter->handleRequest(null, Object(Config\Cache), false)
 9 SYSTEMPATH\Boot.php(325): CodeIgniter\CodeIgniter->run()
10 SYSTEMPATH\Boot.php(67): CodeIgniter\Boot::runCodeIgniter(Object(CodeIgniter\CodeIgniter))
11 FCPATH\index.php(56): CodeIgniter\Boot::bootWeb(Object(Config\Paths))
12 SYSTEMPATH\rewrite.php(44): require_once('C:\\laragon\\www\\storetraining2\\public\\index.php')
CRITICAL - 2024-11-01 03:38:28 --> ErrorException: Undefined array key ""
[Method: GET, Route: beranda]
in APPPATH\Views\beranda.php on line 77.
 1 APPPATH\Views\beranda.php(77): CodeIgniter\Debug\Exceptions->errorHandler(2, 'Undefined array key ""', 'C:\\laragon\\www\\storetraining2\\app\\Views\\beranda.php', 77)
 2 SYSTEMPATH\View\View.php(234): include('C:\\laragon\\www\\storetraining2\\app\\Views\\beranda.php')
 3 SYSTEMPATH\View\View.php(237): CodeIgniter\View\View->CodeIgniter\View\{closure}()
 4 SYSTEMPATH\Common.php(1171): CodeIgniter\View\View->render('beranda', [], true)
 5 APPPATH\Controllers\BerandaController.php(64): view('beranda', [...])
 6 SYSTEMPATH\CodeIgniter.php(933): App\Controllers\BerandaController->index()
 7 SYSTEMPATH\CodeIgniter.php(509): CodeIgniter\CodeIgniter->runController(Object(App\Controllers\BerandaController))
 8 SYSTEMPATH\CodeIgniter.php(355): CodeIgniter\CodeIgniter->handleRequest(null, Object(Config\Cache), false)
 9 SYSTEMPATH\Boot.php(325): CodeIgniter\CodeIgniter->run()
10 SYSTEMPATH\Boot.php(67): CodeIgniter\Boot::runCodeIgniter(Object(CodeIgniter\CodeIgniter))
11 FCPATH\index.php(56): CodeIgniter\Boot::bootWeb(Object(Config\Paths))
12 SYSTEMPATH\rewrite.php(44): require_once('C:\\laragon\\www\\storetraining2\\public\\index.php')
CRITICAL - 2024-11-01 03:39:18 --> ErrorException: Undefined array key ""
[Method: GET, Route: beranda]
in APPPATH\Views\beranda.php on line 77.
 1 APPPATH\Views\beranda.php(77): CodeIgniter\Debug\Exceptions->errorHandler(2, 'Undefined array key ""', 'C:\\laragon\\www\\storetraining2\\app\\Views\\beranda.php', 77)
 2 SYSTEMPATH\View\View.php(234): include('C:\\laragon\\www\\storetraining2\\app\\Views\\beranda.php')
 3 SYSTEMPATH\View\View.php(237): CodeIgniter\View\View->CodeIgniter\View\{closure}()
 4 SYSTEMPATH\Common.php(1171): CodeIgniter\View\View->render('beranda', [], true)
 5 APPPATH\Controllers\BerandaController.php(64): view('beranda', [...])
 6 SYSTEMPATH\CodeIgniter.php(933): App\Controllers\BerandaController->index()
 7 SYSTEMPATH\CodeIgniter.php(509): CodeIgniter\CodeIgniter->runController(Object(App\Controllers\BerandaController))
 8 SYSTEMPATH\CodeIgniter.php(355): CodeIgniter\CodeIgniter->handleRequest(null, Object(Config\Cache), false)
 9 SYSTEMPATH\Boot.php(325): CodeIgniter\CodeIgniter->run()
10 SYSTEMPATH\Boot.php(67): CodeIgniter\Boot::runCodeIgniter(Object(CodeIgniter\CodeIgniter))
11 FCPATH\index.php(56): CodeIgniter\Boot::bootWeb(Object(Config\Paths))
12 SYSTEMPATH\rewrite.php(44): require_once('C:\\laragon\\www\\storetraining2\\public\\index.php')
CRITICAL - 2024-11-01 03:39:19 --> ErrorException: Undefined array key ""
[Method: GET, Route: beranda]
in APPPATH\Views\beranda.php on line 77.
 1 APPPATH\Views\beranda.php(77): CodeIgniter\Debug\Exceptions->errorHandler(2, 'Undefined array key ""', 'C:\\laragon\\www\\storetraining2\\app\\Views\\beranda.php', 77)
 2 SYSTEMPATH\View\View.php(234): include('C:\\laragon\\www\\storetraining2\\app\\Views\\beranda.php')
 3 SYSTEMPATH\View\View.php(237): CodeIgniter\View\View->CodeIgniter\View\{closure}()
 4 SYSTEMPATH\Common.php(1171): CodeIgniter\View\View->render('beranda', [], true)
 5 APPPATH\Controllers\BerandaController.php(64): view('beranda', [...])
 6 SYSTEMPATH\CodeIgniter.php(933): App\Controllers\BerandaController->index()
 7 SYSTEMPATH\CodeIgniter.php(509): CodeIgniter\CodeIgniter->runController(Object(App\Controllers\BerandaController))
 8 SYSTEMPATH\CodeIgniter.php(355): CodeIgniter\CodeIgniter->handleRequest(null, Object(Config\Cache), false)
 9 SYSTEMPATH\Boot.php(325): CodeIgniter\CodeIgniter->run()
10 SYSTEMPATH\Boot.php(67): CodeIgniter\Boot::runCodeIgniter(Object(CodeIgniter\CodeIgniter))
11 FCPATH\index.php(56): CodeIgniter\Boot::bootWeb(Object(Config\Paths))
12 SYSTEMPATH\rewrite.php(44): require_once('C:\\laragon\\www\\storetraining2\\public\\index.php')
CRITICAL - 2024-11-01 03:43:42 --> ErrorException: Undefined variable $user
[Method: GET, Route: rapat/show]
in APPPATH\Views\beranda.php on line 27.
 1 APPPATH\Views\beranda.php(27): CodeIgniter\Debug\Exceptions->errorHandler(2, 'Undefined variable $user', 'C:\\laragon\\www\\storetraining2\\app\\Views\\beranda.php', 27)
 2 SYSTEMPATH\View\View.php(234): include('C:\\laragon\\www\\storetraining2\\app\\Views\\beranda.php')
 3 SYSTEMPATH\View\View.php(237): CodeIgniter\View\View->CodeIgniter\View\{closure}()
 4 SYSTEMPATH\Common.php(1171): CodeIgniter\View\View->render('beranda', [], true)
 5 APPPATH\Controllers\Rapat.php(128): view('beranda', [...])
 6 SYSTEMPATH\CodeIgniter.php(933): App\Controllers\Rapat->show()
 7 SYSTEMPATH\CodeIgniter.php(509): CodeIgniter\CodeIgniter->runController(Object(App\Controllers\Rapat))
 8 SYSTEMPATH\CodeIgniter.php(355): CodeIgniter\CodeIgniter->handleRequest(null, Object(Config\Cache), false)
 9 SYSTEMPATH\Boot.php(325): CodeIgniter\CodeIgniter->run()
10 SYSTEMPATH\Boot.php(67): CodeIgniter\Boot::runCodeIgniter(Object(CodeIgniter\CodeIgniter))
11 FCPATH\index.php(56): CodeIgniter\Boot::bootWeb(Object(Config\Paths))
12 SYSTEMPATH\rewrite.php(44): require_once('C:\\laragon\\www\\storetraining2\\public\\index.php')
CRITICAL - 2024-11-01 03:44:17 --> ErrorException: Undefined variable $user
[Method: GET, Route: rapat/show]
in APPPATH\Views\beranda.php on line 27.
 1 APPPATH\Views\beranda.php(27): CodeIgniter\Debug\Exceptions->errorHandler(2, 'Undefined variable $user', 'C:\\laragon\\www\\storetraining2\\app\\Views\\beranda.php', 27)
 2 SYSTEMPATH\View\View.php(234): include('C:\\laragon\\www\\storetraining2\\app\\Views\\beranda.php')
 3 SYSTEMPATH\View\View.php(237): CodeIgniter\View\View->CodeIgniter\View\{closure}()
 4 SYSTEMPATH\Common.php(1171): CodeIgniter\View\View->render('beranda', [], true)
 5 APPPATH\Controllers\Rapat.php(128): view('beranda', [...])
 6 SYSTEMPATH\CodeIgniter.php(933): App\Controllers\Rapat->show()
 7 SYSTEMPATH\CodeIgniter.php(509): CodeIgniter\CodeIgniter->runController(Object(App\Controllers\Rapat))
 8 SYSTEMPATH\CodeIgniter.php(355): CodeIgniter\CodeIgniter->handleRequest(null, Object(Config\Cache), false)
 9 SYSTEMPATH\Boot.php(325): CodeIgniter\CodeIgniter->run()
10 SYSTEMPATH\Boot.php(67): CodeIgniter\Boot::runCodeIgniter(Object(CodeIgniter\CodeIgniter))
11 FCPATH\index.php(56): CodeIgniter\Boot::bootWeb(Object(Config\Paths))
12 SYSTEMPATH\rewrite.php(44): require_once('C:\\laragon\\www\\storetraining2\\public\\index.php')
CRITICAL - 2024-11-01 03:47:20 --> ErrorException: Undefined array key "nama"
[Method: GET, Route: /]
in APPPATH\Views\beranda.php on line 27.
 1 APPPATH\Views\beranda.php(27): CodeIgniter\Debug\Exceptions->errorHandler(2, 'Undefined array key "nama"', 'C:\\laragon\\www\\storetraining2\\app\\Views\\beranda.php', 27)
 2 SYSTEMPATH\View\View.php(234): include('C:\\laragon\\www\\storetraining2\\app\\Views\\beranda.php')
 3 SYSTEMPATH\View\View.php(237): CodeIgniter\View\View->CodeIgniter\View\{closure}()
 4 SYSTEMPATH\Common.php(1171): CodeIgniter\View\View->render('beranda', [], true)
 5 APPPATH\Controllers\BerandaController.php(64): view('beranda', [...])
 6 SYSTEMPATH\CodeIgniter.php(933): App\Controllers\BerandaController->index()
 7 SYSTEMPATH\CodeIgniter.php(509): CodeIgniter\CodeIgniter->runController(Object(App\Controllers\BerandaController))
 8 SYSTEMPATH\CodeIgniter.php(355): CodeIgniter\CodeIgniter->handleRequest(null, Object(Config\Cache), false)
 9 SYSTEMPATH\Boot.php(325): CodeIgniter\CodeIgniter->run()
10 SYSTEMPATH\Boot.php(67): CodeIgniter\Boot::runCodeIgniter(Object(CodeIgniter\CodeIgniter))
11 FCPATH\index.php(56): CodeIgniter\Boot::bootWeb(Object(Config\Paths))
12 SYSTEMPATH\rewrite.php(44): require_once('C:\\laragon\\www\\storetraining2\\public\\index.php')
CRITICAL - 2024-11-01 03:47:22 --> ErrorException: Undefined array key "nama"
[Method: GET, Route: /]
in APPPATH\Views\beranda.php on line 27.
 1 APPPATH\Views\beranda.php(27): CodeIgniter\Debug\Exceptions->errorHandler(2, 'Undefined array key "nama"', 'C:\\laragon\\www\\storetraining2\\app\\Views\\beranda.php', 27)
 2 SYSTEMPATH\View\View.php(234): include('C:\\laragon\\www\\storetraining2\\app\\Views\\beranda.php')
 3 SYSTEMPATH\View\View.php(237): CodeIgniter\View\View->CodeIgniter\View\{closure}()
 4 SYSTEMPATH\Common.php(1171): CodeIgniter\View\View->render('beranda', [], true)
 5 APPPATH\Controllers\BerandaController.php(64): view('beranda', [...])
 6 SYSTEMPATH\CodeIgniter.php(933): App\Controllers\BerandaController->index()
 7 SYSTEMPATH\CodeIgniter.php(509): CodeIgniter\CodeIgniter->runController(Object(App\Controllers\BerandaController))
 8 SYSTEMPATH\CodeIgniter.php(355): CodeIgniter\CodeIgniter->handleRequest(null, Object(Config\Cache), false)
 9 SYSTEMPATH\Boot.php(325): CodeIgniter\CodeIgniter->run()
10 SYSTEMPATH\Boot.php(67): CodeIgniter\Boot::runCodeIgniter(Object(CodeIgniter\CodeIgniter))
11 FCPATH\index.php(56): CodeIgniter\Boot::bootWeb(Object(Config\Paths))
12 SYSTEMPATH\rewrite.php(44): require_once('C:\\laragon\\www\\storetraining2\\public\\index.php')
CRITICAL - 2024-11-01 03:49:21 --> ErrorException: Undefined variable $user
[Method: GET, Route: rapat/show]
in APPPATH\Views\beranda.php on line 27.
 1 APPPATH\Views\beranda.php(27): CodeIgniter\Debug\Exceptions->errorHandler(2, 'Undefined variable $user', 'C:\\laragon\\www\\storetraining2\\app\\Views\\beranda.php', 27)
 2 SYSTEMPATH\View\View.php(234): include('C:\\laragon\\www\\storetraining2\\app\\Views\\beranda.php')
 3 SYSTEMPATH\View\View.php(237): CodeIgniter\View\View->CodeIgniter\View\{closure}()
 4 SYSTEMPATH\Common.php(1171): CodeIgniter\View\View->render('beranda', [], true)
 5 APPPATH\Controllers\Rapat.php(128): view('beranda', [...])
 6 SYSTEMPATH\CodeIgniter.php(933): App\Controllers\Rapat->show()
 7 SYSTEMPATH\CodeIgniter.php(509): CodeIgniter\CodeIgniter->runController(Object(App\Controllers\Rapat))
 8 SYSTEMPATH\CodeIgniter.php(355): CodeIgniter\CodeIgniter->handleRequest(null, Object(Config\Cache), false)
 9 SYSTEMPATH\Boot.php(325): CodeIgniter\CodeIgniter->run()
10 SYSTEMPATH\Boot.php(67): CodeIgniter\Boot::runCodeIgniter(Object(CodeIgniter\CodeIgniter))
11 FCPATH\index.php(56): CodeIgniter\Boot::bootWeb(Object(Config\Paths))
12 SYSTEMPATH\rewrite.php(44): require_once('C:\\laragon\\www\\storetraining2\\public\\index.php')
CRITICAL - 2024-11-01 06:42:49 --> ErrorException: Undefined array key "nama"
[Method: GET, Route: /]
in APPPATH\Views\beranda.php on line 27.
 1 APPPATH\Views\beranda.php(27): CodeIgniter\Debug\Exceptions->errorHandler(2, 'Undefined array key "nama"', 'C:\\laragon\\www\\storetraining2\\app\\Views\\beranda.php', 27)
 2 SYSTEMPATH\View\View.php(234): include('C:\\laragon\\www\\storetraining2\\app\\Views\\beranda.php')
 3 SYSTEMPATH\View\View.php(237): CodeIgniter\View\View->CodeIgniter\View\{closure}()
 4 SYSTEMPATH\Common.php(1171): CodeIgniter\View\View->render('beranda', [], true)
 5 APPPATH\Controllers\BerandaController.php(64): view('beranda', [...])
 6 SYSTEMPATH\CodeIgniter.php(933): App\Controllers\BerandaController->index()
 7 SYSTEMPATH\CodeIgniter.php(509): CodeIgniter\CodeIgniter->runController(Object(App\Controllers\BerandaController))
 8 SYSTEMPATH\CodeIgniter.php(355): CodeIgniter\CodeIgniter->handleRequest(null, Object(Config\Cache), false)
 9 SYSTEMPATH\Boot.php(325): CodeIgniter\CodeIgniter->run()
10 SYSTEMPATH\Boot.php(67): CodeIgniter\Boot::runCodeIgniter(Object(CodeIgniter\CodeIgniter))
11 FCPATH\index.php(56): CodeIgniter\Boot::bootWeb(Object(Config\Paths))
12 SYSTEMPATH\rewrite.php(44): require_once('C:\\laragon\\www\\storetraining2\\public\\index.php')
CRITICAL - 2024-11-01 06:42:56 --> ErrorException: Undefined array key "nama"
[Method: GET, Route: /]
in APPPATH\Views\beranda.php on line 27.
 1 APPPATH\Views\beranda.php(27): CodeIgniter\Debug\Exceptions->errorHandler(2, 'Undefined array key "nama"', 'C:\\laragon\\www\\storetraining2\\app\\Views\\beranda.php', 27)
 2 SYSTEMPATH\View\View.php(234): include('C:\\laragon\\www\\storetraining2\\app\\Views\\beranda.php')
 3 SYSTEMPATH\View\View.php(237): CodeIgniter\View\View->CodeIgniter\View\{closure}()
 4 SYSTEMPATH\Common.php(1171): CodeIgniter\View\View->render('beranda', [], true)
 5 APPPATH\Controllers\BerandaController.php(64): view('beranda', [...])
 6 SYSTEMPATH\CodeIgniter.php(933): App\Controllers\BerandaController->index()
 7 SYSTEMPATH\CodeIgniter.php(509): CodeIgniter\CodeIgniter->runController(Object(App\Controllers\BerandaController))
 8 SYSTEMPATH\CodeIgniter.php(355): CodeIgniter\CodeIgniter->handleRequest(null, Object(Config\Cache), false)
 9 SYSTEMPATH\Boot.php(325): CodeIgniter\CodeIgniter->run()
10 SYSTEMPATH\Boot.php(67): CodeIgniter\Boot::runCodeIgniter(Object(CodeIgniter\CodeIgniter))
11 FCPATH\index.php(56): CodeIgniter\Boot::bootWeb(Object(Config\Paths))
12 SYSTEMPATH\rewrite.php(44): require_once('C:\\laragon\\www\\storetraining2\\public\\index.php')
CRITICAL - 2024-11-01 06:44:05 --> ErrorException: Undefined variable $user
[Method: GET, Route: rapat/show]
in APPPATH\Views\beranda.php on line 27.
 1 APPPATH\Views\beranda.php(27): CodeIgniter\Debug\Exceptions->errorHandler(2, 'Undefined variable $user', 'C:\\laragon\\www\\storetraining2\\app\\Views\\beranda.php', 27)
 2 SYSTEMPATH\View\View.php(234): include('C:\\laragon\\www\\storetraining2\\app\\Views\\beranda.php')
 3 SYSTEMPATH\View\View.php(237): CodeIgniter\View\View->CodeIgniter\View\{closure}()
 4 SYSTEMPATH\Common.php(1171): CodeIgniter\View\View->render('beranda', [], true)
 5 APPPATH\Controllers\Rapat.php(128): view('beranda', [...])
 6 SYSTEMPATH\CodeIgniter.php(933): App\Controllers\Rapat->show()
 7 SYSTEMPATH\CodeIgniter.php(509): CodeIgniter\CodeIgniter->runController(Object(App\Controllers\Rapat))
 8 SYSTEMPATH\CodeIgniter.php(355): CodeIgniter\CodeIgniter->handleRequest(null, Object(Config\Cache), false)
 9 SYSTEMPATH\Boot.php(325): CodeIgniter\CodeIgniter->run()
10 SYSTEMPATH\Boot.php(67): CodeIgniter\Boot::runCodeIgniter(Object(CodeIgniter\CodeIgniter))
11 FCPATH\index.php(56): CodeIgniter\Boot::bootWeb(Object(Config\Paths))
12 SYSTEMPATH\rewrite.php(44): require_once('C:\\laragon\\www\\storetraining2\\public\\index.php')
CRITICAL - 2024-11-01 06:46:11 --> ErrorException: Undefined variable $user
[Method: GET, Route: rapat/show]
in APPPATH\Views\beranda.php on line 27.
 1 APPPATH\Views\beranda.php(27): CodeIgniter\Debug\Exceptions->errorHandler(2, 'Undefined variable $user', 'C:\\laragon\\www\\storetraining2\\app\\Views\\beranda.php', 27)
 2 SYSTEMPATH\View\View.php(234): include('C:\\laragon\\www\\storetraining2\\app\\Views\\beranda.php')
 3 SYSTEMPATH\View\View.php(237): CodeIgniter\View\View->CodeIgniter\View\{closure}()
 4 SYSTEMPATH\Common.php(1171): CodeIgniter\View\View->render('beranda', [], true)
 5 APPPATH\Controllers\Rapat.php(128): view('beranda', [...])
 6 SYSTEMPATH\CodeIgniter.php(933): App\Controllers\Rapat->show()
 7 SYSTEMPATH\CodeIgniter.php(509): CodeIgniter\CodeIgniter->runController(Object(App\Controllers\Rapat))
 8 SYSTEMPATH\CodeIgniter.php(355): CodeIgniter\CodeIgniter->handleRequest(null, Object(Config\Cache), false)
 9 SYSTEMPATH\Boot.php(325): CodeIgniter\CodeIgniter->run()
10 SYSTEMPATH\Boot.php(67): CodeIgniter\Boot::runCodeIgniter(Object(CodeIgniter\CodeIgniter))
11 FCPATH\index.php(56): CodeIgniter\Boot::bootWeb(Object(Config\Paths))
12 SYSTEMPATH\rewrite.php(44): require_once('C:\\laragon\\www\\storetraining2\\public\\index.php')
CRITICAL - 2024-11-01 06:52:19 --> ErrorException: Undefined array key "nama"
[Method: GET, Route: /]
in APPPATH\Views\beranda.php on line 27.
 1 APPPATH\Views\beranda.php(27): CodeIgniter\Debug\Exceptions->errorHandler(2, 'Undefined array key "nama"', 'C:\\laragon\\www\\storetraining2\\app\\Views\\beranda.php', 27)
 2 SYSTEMPATH\View\View.php(234): include('C:\\laragon\\www\\storetraining2\\app\\Views\\beranda.php')
 3 SYSTEMPATH\View\View.php(237): CodeIgniter\View\View->CodeIgniter\View\{closure}()
 4 SYSTEMPATH\Common.php(1171): CodeIgniter\View\View->render('beranda', [], true)
 5 APPPATH\Controllers\BerandaController.php(64): view('beranda', [...])
 6 SYSTEMPATH\CodeIgniter.php(933): App\Controllers\BerandaController->index()
 7 SYSTEMPATH\CodeIgniter.php(509): CodeIgniter\CodeIgniter->runController(Object(App\Controllers\BerandaController))
 8 SYSTEMPATH\CodeIgniter.php(355): CodeIgniter\CodeIgniter->handleRequest(null, Object(Config\Cache), false)
 9 SYSTEMPATH\Boot.php(325): CodeIgniter\CodeIgniter->run()
10 SYSTEMPATH\Boot.php(67): CodeIgniter\Boot::runCodeIgniter(Object(CodeIgniter\CodeIgniter))
11 FCPATH\index.php(56): CodeIgniter\Boot::bootWeb(Object(Config\Paths))
12 SYSTEMPATH\rewrite.php(44): require_once('C:\\laragon\\www\\storetraining2\\public\\index.php')
