CRITICAL - 2024-11-04 00:00:52 --> CodeIgniter\Database\Exceptions\DataException: There is no data to insert.
[Method: POST, Route: beranda/saveTranscription/6]
in SYSTEMPATH\BaseModel.php on line 826.
 1 SYSTEMPATH\BaseModel.php(826): CodeIgniter\Database\Exceptions\DataException::forEmptyDataset('insert')
 2 SYSTEMPATH\Model.php(802): CodeIgniter\BaseModel->insert([], true)
 3 APPPATH\Controllers\BerandaController.php(278): CodeIgniter\Model->insert([...])
 4 SYSTEMPATH\CodeIgniter.php(933): App\Controllers\BerandaController->saveTranscription('6')
 5 SYSTEMPATH\CodeIgniter.php(509): CodeIgniter\CodeIgniter->runController(Object(App\Controllers\BerandaController))
 6 SYSTEMPATH\CodeIgniter.php(355): CodeIgniter\CodeIgniter->handleRequest(null, Object(Config\Cache), false)
 7 SYSTEMPATH\Boot.php(325): CodeIgniter\CodeIgniter->run()
 8 SYSTEMPATH\Boot.php(67): CodeIgniter\Boot::runCodeIgniter(Object(CodeIgniter\CodeIgniter))
 9 FCPATH\index.php(56): CodeIgniter\Boot::bootWeb(Object(Config\Paths))
10 SYSTEMPATH\rewrite.php(44): require_once('C:\\laragon\\www\\storetubes\\public\\index.php')
CRITICAL - 2024-11-04 00:07:31 --> ErrorException: Undefined array key "text"
[Method: GET, Route: transcription/view/4]
in APPPATH\Views\transcription_view.php on line 19.
 1 APPPATH\Views\transcription_view.php(19): CodeIgniter\Debug\Exceptions->errorHandler(2, 'Undefined array key "text"', 'C:\\laragon\\www\\storetubes\\app\\Views\\transcription_view.php', 19)
 2 SYSTEMPATH\View\View.php(234): include('C:\\laragon\\www\\storetubes\\app\\Views\\transcription_view.php')
 3 SYSTEMPATH\View\View.php(237): CodeIgniter\View\View->CodeIgniter\View\{closure}()
 4 SYSTEMPATH\Common.php(1171): CodeIgniter\View\View->render('transcription_view', [], true)
 5 APPPATH\Controllers\BerandaController.php(331): view('transcription_view', [...])
 6 SYSTEMPATH\CodeIgniter.php(933): App\Controllers\BerandaController->viewTranscription('4')
 7 SYSTEMPATH\CodeIgniter.php(509): CodeIgniter\CodeIgniter->runController(Object(App\Controllers\BerandaController))
 8 SYSTEMPATH\CodeIgniter.php(355): CodeIgniter\CodeIgniter->handleRequest(null, Object(Config\Cache), false)
 9 SYSTEMPATH\Boot.php(325): CodeIgniter\CodeIgniter->run()
10 SYSTEMPATH\Boot.php(67): CodeIgniter\Boot::runCodeIgniter(Object(CodeIgniter\CodeIgniter))
11 FCPATH\index.php(56): CodeIgniter\Boot::bootWeb(Object(Config\Paths))
12 SYSTEMPATH\rewrite.php(44): require_once('C:\\laragon\\www\\storetubes\\public\\index.php')
CRITICAL - 2024-11-04 00:08:01 --> ErrorException: Undefined array key "text"
[Method: GET, Route: transcription/view/4]
in APPPATH\Views\transcription_view.php on line 19.
 1 APPPATH\Views\transcription_view.php(19): CodeIgniter\Debug\Exceptions->errorHandler(2, 'Undefined array key "text"', 'C:\\laragon\\www\\storetubes\\app\\Views\\transcription_view.php', 19)
 2 SYSTEMPATH\View\View.php(234): include('C:\\laragon\\www\\storetubes\\app\\Views\\transcription_view.php')
 3 SYSTEMPATH\View\View.php(237): CodeIgniter\View\View->CodeIgniter\View\{closure}()
 4 SYSTEMPATH\Common.php(1171): CodeIgniter\View\View->render('transcription_view', [], true)
 5 APPPATH\Controllers\BerandaController.php(344): view('transcription_view', [...])
 6 SYSTEMPATH\CodeIgniter.php(933): App\Controllers\BerandaController->viewTranscription('4')
 7 SYSTEMPATH\CodeIgniter.php(509): CodeIgniter\CodeIgniter->runController(Object(App\Controllers\BerandaController))
 8 SYSTEMPATH\CodeIgniter.php(355): CodeIgniter\CodeIgniter->handleRequest(null, Object(Config\Cache), false)
 9 SYSTEMPATH\Boot.php(325): CodeIgniter\CodeIgniter->run()
10 SYSTEMPATH\Boot.php(67): CodeIgniter\Boot::runCodeIgniter(Object(CodeIgniter\CodeIgniter))
11 FCPATH\index.php(56): CodeIgniter\Boot::bootWeb(Object(Config\Paths))
12 SYSTEMPATH\rewrite.php(44): require_once('C:\\laragon\\www\\storetubes\\public\\index.php')
CRITICAL - 2024-11-04 00:08:03 --> ErrorException: Undefined array key "text"
[Method: GET, Route: transcription/view/4]
in APPPATH\Views\transcription_view.php on line 19.
 1 APPPATH\Views\transcription_view.php(19): CodeIgniter\Debug\Exceptions->errorHandler(2, 'Undefined array key "text"', 'C:\\laragon\\www\\storetubes\\app\\Views\\transcription_view.php', 19)
 2 SYSTEMPATH\View\View.php(234): include('C:\\laragon\\www\\storetubes\\app\\Views\\transcription_view.php')
 3 SYSTEMPATH\View\View.php(237): CodeIgniter\View\View->CodeIgniter\View\{closure}()
 4 SYSTEMPATH\Common.php(1171): CodeIgniter\View\View->render('transcription_view', [], true)
 5 APPPATH\Controllers\BerandaController.php(344): view('transcription_view', [...])
 6 SYSTEMPATH\CodeIgniter.php(933): App\Controllers\BerandaController->viewTranscription('4')
 7 SYSTEMPATH\CodeIgniter.php(509): CodeIgniter\CodeIgniter->runController(Object(App\Controllers\BerandaController))
 8 SYSTEMPATH\CodeIgniter.php(355): CodeIgniter\CodeIgniter->handleRequest(null, Object(Config\Cache), false)
 9 SYSTEMPATH\Boot.php(325): CodeIgniter\CodeIgniter->run()
10 SYSTEMPATH\Boot.php(67): CodeIgniter\Boot::runCodeIgniter(Object(CodeIgniter\CodeIgniter))
11 FCPATH\index.php(56): CodeIgniter\Boot::bootWeb(Object(Config\Paths))
12 SYSTEMPATH\rewrite.php(44): require_once('C:\\laragon\\www\\storetubes\\public\\index.php')
ERROR - 2024-11-04 00:12:07 --> mysqli_sql_exception: Unknown column 'rapat_id' in 'where clause' in C:\laragon\www\storetubes\system\Database\MySQLi\Connection.php:312
Stack trace:
#0 C:\laragon\www\storetubes\system\Database\MySQLi\Connection.php(312): mysqli->query('SELECT *\nFROM `...', 0)
#1 C:\laragon\www\storetubes\system\Database\BaseConnection.php(734): CodeIgniter\Database\MySQLi\Connection->execute('SELECT *\nFROM `...')
#2 C:\laragon\www\storetubes\system\Database\BaseConnection.php(648): CodeIgniter\Database\BaseConnection->simpleQuery('SELECT *\nFROM `...')
#3 C:\laragon\www\storetubes\system\Database\BaseBuilder.php(1644): CodeIgniter\Database\BaseConnection->query('SELECT *\nFROM `...', Array, false)
#4 C:\laragon\www\storetubes\system\Model.php(330): CodeIgniter\Database\BaseBuilder->get()
#5 C:\laragon\www\storetubes\system\BaseModel.php(714): CodeIgniter\Model->doFirst()
#6 C:\laragon\www\storetubes\app\Controllers\BerandaController.php(342): CodeIgniter\BaseModel->first()
#7 C:\laragon\www\storetubes\system\CodeIgniter.php(933): App\Controllers\BerandaController->viewTranscription('4')
#8 C:\laragon\www\storetubes\system\CodeIgniter.php(509): CodeIgniter\CodeIgniter->runController(Object(App\Controllers\BerandaController))
#9 C:\laragon\www\storetubes\system\CodeIgniter.php(355): CodeIgniter\CodeIgniter->handleRequest(NULL, Object(Config\Cache), false)
#10 C:\laragon\www\storetubes\system\Boot.php(325): CodeIgniter\CodeIgniter->run()
#11 C:\laragon\www\storetubes\system\Boot.php(67): CodeIgniter\Boot::runCodeIgniter(Object(CodeIgniter\CodeIgniter))
#12 C:\laragon\www\storetubes\public\index.php(56): CodeIgniter\Boot::bootWeb(Object(Config\Paths))
#13 C:\laragon\www\storetubes\system\rewrite.php(44): require_once('C:\\laragon\\www\\...')
#14 {main}
CRITICAL - 2024-11-04 00:12:07 --> CodeIgniter\Database\Exceptions\DatabaseException: Unknown column 'rapat_id' in 'where clause'
[Method: GET, Route: transcription/view/4]
in SYSTEMPATH\Database\BaseConnection.php on line 688.
 1 SYSTEMPATH\Database\BaseBuilder.php(1644): CodeIgniter\Database\BaseConnection->query('SELECT *
FROM `transkripsi_rapat`
WHERE `rapat_id` = :rapat_id:
 LIMIT 1', [...], false)
 2 SYSTEMPATH\Model.php(330): CodeIgniter\Database\BaseBuilder->get()
 3 SYSTEMPATH\BaseModel.php(714): CodeIgniter\Model->doFirst()
 4 APPPATH\Controllers\BerandaController.php(342): CodeIgniter\BaseModel->first()
 5 SYSTEMPATH\CodeIgniter.php(933): App\Controllers\BerandaController->viewTranscription('4')
 6 SYSTEMPATH\CodeIgniter.php(509): CodeIgniter\CodeIgniter->runController(Object(App\Controllers\BerandaController))
 7 SYSTEMPATH\CodeIgniter.php(355): CodeIgniter\CodeIgniter->handleRequest(null, Object(Config\Cache), false)
 8 SYSTEMPATH\Boot.php(325): CodeIgniter\CodeIgniter->run()
 9 SYSTEMPATH\Boot.php(67): CodeIgniter\Boot::runCodeIgniter(Object(CodeIgniter\CodeIgniter))
10 FCPATH\index.php(56): CodeIgniter\Boot::bootWeb(Object(Config\Paths))
11 SYSTEMPATH\rewrite.php(44): require_once('C:\\laragon\\www\\storetubes\\public\\index.php')
CRITICAL - 2024-11-04 00:12:07 --> [Caused by] CodeIgniter\Database\Exceptions\DatabaseException: Unknown column 'rapat_id' in 'where clause'
in SYSTEMPATH\Database\MySQLi\Connection.php on line 317.
 1 SYSTEMPATH\Database\BaseConnection.php(734): CodeIgniter\Database\MySQLi\Connection->execute('SELECT *
FROM `transkripsi_rapat`
WHERE `rapat_id` = \'4\'
 LIMIT 1')
 2 SYSTEMPATH\Database\BaseConnection.php(648): CodeIgniter\Database\BaseConnection->simpleQuery('SELECT *
FROM `transkripsi_rapat`
WHERE `rapat_id` = \'4\'
 LIMIT 1')
 3 SYSTEMPATH\Database\BaseBuilder.php(1644): CodeIgniter\Database\BaseConnection->query('SELECT *
FROM `transkripsi_rapat`
WHERE `rapat_id` = :rapat_id:
 LIMIT 1', [...], false)
 4 SYSTEMPATH\Model.php(330): CodeIgniter\Database\BaseBuilder->get()
 5 SYSTEMPATH\BaseModel.php(714): CodeIgniter\Model->doFirst()
 6 APPPATH\Controllers\BerandaController.php(342): CodeIgniter\BaseModel->first()
 7 SYSTEMPATH\CodeIgniter.php(933): App\Controllers\BerandaController->viewTranscription('4')
 8 SYSTEMPATH\CodeIgniter.php(509): CodeIgniter\CodeIgniter->runController(Object(App\Controllers\BerandaController))
 9 SYSTEMPATH\CodeIgniter.php(355): CodeIgniter\CodeIgniter->handleRequest(null, Object(Config\Cache), false)
10 SYSTEMPATH\Boot.php(325): CodeIgniter\CodeIgniter->run()
11 SYSTEMPATH\Boot.php(67): CodeIgniter\Boot::runCodeIgniter(Object(CodeIgniter\CodeIgniter))
12 FCPATH\index.php(56): CodeIgniter\Boot::bootWeb(Object(Config\Paths))
13 SYSTEMPATH\rewrite.php(44): require_once('C:\\laragon\\www\\storetubes\\public\\index.php')
CRITICAL - 2024-11-04 00:12:07 --> [Caused by] mysqli_sql_exception: Unknown column 'rapat_id' in 'where clause'
in SYSTEMPATH\Database\MySQLi\Connection.php on line 312.
 1 SYSTEMPATH\Database\MySQLi\Connection.php(312): mysqli->query('SELECT *
FROM `transkripsi_rapat`
WHERE `rapat_id` = \'4\'
 LIMIT 1', 0)
 2 SYSTEMPATH\Database\BaseConnection.php(734): CodeIgniter\Database\MySQLi\Connection->execute('SELECT *
FROM `transkripsi_rapat`
WHERE `rapat_id` = \'4\'
 LIMIT 1')
 3 SYSTEMPATH\Database\BaseConnection.php(648): CodeIgniter\Database\BaseConnection->simpleQuery('SELECT *
FROM `transkripsi_rapat`
WHERE `rapat_id` = \'4\'
 LIMIT 1')
 4 SYSTEMPATH\Database\BaseBuilder.php(1644): CodeIgniter\Database\BaseConnection->query('SELECT *
FROM `transkripsi_rapat`
WHERE `rapat_id` = :rapat_id:
 LIMIT 1', [...], false)
 5 SYSTEMPATH\Model.php(330): CodeIgniter\Database\BaseBuilder->get()
 6 SYSTEMPATH\BaseModel.php(714): CodeIgniter\Model->doFirst()
 7 APPPATH\Controllers\BerandaController.php(342): CodeIgniter\BaseModel->first()
 8 SYSTEMPATH\CodeIgniter.php(933): App\Controllers\BerandaController->viewTranscription('4')
 9 SYSTEMPATH\CodeIgniter.php(509): CodeIgniter\CodeIgniter->runController(Object(App\Controllers\BerandaController))
10 SYSTEMPATH\CodeIgniter.php(355): CodeIgniter\CodeIgniter->handleRequest(null, Object(Config\Cache), false)
11 SYSTEMPATH\Boot.php(325): CodeIgniter\CodeIgniter->run()
12 SYSTEMPATH\Boot.php(67): CodeIgniter\Boot::runCodeIgniter(Object(CodeIgniter\CodeIgniter))
13 FCPATH\index.php(56): CodeIgniter\Boot::bootWeb(Object(Config\Paths))
14 SYSTEMPATH\rewrite.php(44): require_once('C:\\laragon\\www\\storetubes\\public\\index.php')
CRITICAL - 2024-11-04 00:12:56 --> ErrorException: Undefined property: App\Controllers\BerandaController::$load
[Method: POST, Route: beranda/saveTranscription/4]
in APPPATH\Controllers\BerandaController.php on line 273.
 1 APPPATH\Controllers\BerandaController.php(273): CodeIgniter\Debug\Exceptions->errorHandler(2, 'Undefined property: App\\Controllers\\BerandaController::$load', 'C:\\laragon\\www\\storetubes\\app\\Controllers\\BerandaController.php', 273)
 2 SYSTEMPATH\CodeIgniter.php(933): App\Controllers\BerandaController->saveTranscription('4')
 3 SYSTEMPATH\CodeIgniter.php(509): CodeIgniter\CodeIgniter->runController(Object(App\Controllers\BerandaController))
 4 SYSTEMPATH\CodeIgniter.php(355): CodeIgniter\CodeIgniter->handleRequest(null, Object(Config\Cache), false)
 5 SYSTEMPATH\Boot.php(325): CodeIgniter\CodeIgniter->run()
 6 SYSTEMPATH\Boot.php(67): CodeIgniter\Boot::runCodeIgniter(Object(CodeIgniter\CodeIgniter))
 7 FCPATH\index.php(56): CodeIgniter\Boot::bootWeb(Object(Config\Paths))
 8 SYSTEMPATH\rewrite.php(44): require_once('C:\\laragon\\www\\storetubes\\public\\index.php')
ERROR - 2024-11-04 00:17:21 --> mysqli_sql_exception: Unknown column 'rapat_id' in 'where clause' in C:\laragon\www\storetubes\system\Database\MySQLi\Connection.php:312
Stack trace:
#0 C:\laragon\www\storetubes\system\Database\MySQLi\Connection.php(312): mysqli->query('SELECT *\nFROM `...', 0)
#1 C:\laragon\www\storetubes\system\Database\BaseConnection.php(734): CodeIgniter\Database\MySQLi\Connection->execute('SELECT *\nFROM `...')
#2 C:\laragon\www\storetubes\system\Database\BaseConnection.php(648): CodeIgniter\Database\BaseConnection->simpleQuery('SELECT *\nFROM `...')
#3 C:\laragon\www\storetubes\system\Database\BaseBuilder.php(1644): CodeIgniter\Database\BaseConnection->query('SELECT *\nFROM `...', Array, false)
#4 C:\laragon\www\storetubes\system\Model.php(330): CodeIgniter\Database\BaseBuilder->get()
#5 C:\laragon\www\storetubes\system\BaseModel.php(714): CodeIgniter\Model->doFirst()
#6 C:\laragon\www\storetubes\app\Controllers\BerandaController.php(35): CodeIgniter\BaseModel->first()
#7 C:\laragon\www\storetubes\system\CodeIgniter.php(933): App\Controllers\BerandaController->index()
#8 C:\laragon\www\storetubes\system\CodeIgniter.php(509): CodeIgniter\CodeIgniter->runController(Object(App\Controllers\BerandaController))
#9 C:\laragon\www\storetubes\system\CodeIgniter.php(355): CodeIgniter\CodeIgniter->handleRequest(NULL, Object(Config\Cache), false)
#10 C:\laragon\www\storetubes\system\Boot.php(325): CodeIgniter\CodeIgniter->run()
#11 C:\laragon\www\storetubes\system\Boot.php(67): CodeIgniter\Boot::runCodeIgniter(Object(CodeIgniter\CodeIgniter))
#12 C:\laragon\www\storetubes\public\index.php(56): CodeIgniter\Boot::bootWeb(Object(Config\Paths))
#13 C:\laragon\www\storetubes\system\rewrite.php(44): require_once('C:\\laragon\\www\\...')
#14 {main}
CRITICAL - 2024-11-04 00:17:21 --> CodeIgniter\Database\Exceptions\DatabaseException: Unknown column 'rapat_id' in 'where clause'
[Method: GET, Route: beranda]
in SYSTEMPATH\Database\BaseConnection.php on line 688.
 1 SYSTEMPATH\Database\BaseBuilder.php(1644): CodeIgniter\Database\BaseConnection->query('SELECT *
FROM `transkripsi_rapat`
WHERE `rapat_id` = :rapat_id:
 LIMIT 1', [...], false)
 2 SYSTEMPATH\Model.php(330): CodeIgniter\Database\BaseBuilder->get()
 3 SYSTEMPATH\BaseModel.php(714): CodeIgniter\Model->doFirst()
 4 APPPATH\Controllers\BerandaController.php(35): CodeIgniter\BaseModel->first()
 5 SYSTEMPATH\CodeIgniter.php(933): App\Controllers\BerandaController->index()
 6 SYSTEMPATH\CodeIgniter.php(509): CodeIgniter\CodeIgniter->runController(Object(App\Controllers\BerandaController))
 7 SYSTEMPATH\CodeIgniter.php(355): CodeIgniter\CodeIgniter->handleRequest(null, Object(Config\Cache), false)
 8 SYSTEMPATH\Boot.php(325): CodeIgniter\CodeIgniter->run()
 9 SYSTEMPATH\Boot.php(67): CodeIgniter\Boot::runCodeIgniter(Object(CodeIgniter\CodeIgniter))
10 FCPATH\index.php(56): CodeIgniter\Boot::bootWeb(Object(Config\Paths))
11 SYSTEMPATH\rewrite.php(44): require_once('C:\\laragon\\www\\storetubes\\public\\index.php')
CRITICAL - 2024-11-04 00:17:21 --> [Caused by] CodeIgniter\Database\Exceptions\DatabaseException: Unknown column 'rapat_id' in 'where clause'
in SYSTEMPATH\Database\MySQLi\Connection.php on line 317.
 1 SYSTEMPATH\Database\BaseConnection.php(734): CodeIgniter\Database\MySQLi\Connection->execute('SELECT *
FROM `transkripsi_rapat`
WHERE `rapat_id` = \'1\'
 LIMIT 1')
 2 SYSTEMPATH\Database\BaseConnection.php(648): CodeIgniter\Database\BaseConnection->simpleQuery('SELECT *
FROM `transkripsi_rapat`
WHERE `rapat_id` = \'1\'
 LIMIT 1')
 3 SYSTEMPATH\Database\BaseBuilder.php(1644): CodeIgniter\Database\BaseConnection->query('SELECT *
FROM `transkripsi_rapat`
WHERE `rapat_id` = :rapat_id:
 LIMIT 1', [...], false)
 4 SYSTEMPATH\Model.php(330): CodeIgniter\Database\BaseBuilder->get()
 5 SYSTEMPATH\BaseModel.php(714): CodeIgniter\Model->doFirst()
 6 APPPATH\Controllers\BerandaController.php(35): CodeIgniter\BaseModel->first()
 7 SYSTEMPATH\CodeIgniter.php(933): App\Controllers\BerandaController->index()
 8 SYSTEMPATH\CodeIgniter.php(509): CodeIgniter\CodeIgniter->runController(Object(App\Controllers\BerandaController))
 9 SYSTEMPATH\CodeIgniter.php(355): CodeIgniter\CodeIgniter->handleRequest(null, Object(Config\Cache), false)
10 SYSTEMPATH\Boot.php(325): CodeIgniter\CodeIgniter->run()
11 SYSTEMPATH\Boot.php(67): CodeIgniter\Boot::runCodeIgniter(Object(CodeIgniter\CodeIgniter))
12 FCPATH\index.php(56): CodeIgniter\Boot::bootWeb(Object(Config\Paths))
13 SYSTEMPATH\rewrite.php(44): require_once('C:\\laragon\\www\\storetubes\\public\\index.php')
CRITICAL - 2024-11-04 00:17:21 --> [Caused by] mysqli_sql_exception: Unknown column 'rapat_id' in 'where clause'
in SYSTEMPATH\Database\MySQLi\Connection.php on line 312.
 1 SYSTEMPATH\Database\MySQLi\Connection.php(312): mysqli->query('SELECT *
FROM `transkripsi_rapat`
WHERE `rapat_id` = \'1\'
 LIMIT 1', 0)
 2 SYSTEMPATH\Database\BaseConnection.php(734): CodeIgniter\Database\MySQLi\Connection->execute('SELECT *
FROM `transkripsi_rapat`
WHERE `rapat_id` = \'1\'
 LIMIT 1')
 3 SYSTEMPATH\Database\BaseConnection.php(648): CodeIgniter\Database\BaseConnection->simpleQuery('SELECT *
FROM `transkripsi_rapat`
WHERE `rapat_id` = \'1\'
 LIMIT 1')
 4 SYSTEMPATH\Database\BaseBuilder.php(1644): CodeIgniter\Database\BaseConnection->query('SELECT *
FROM `transkripsi_rapat`
WHERE `rapat_id` = :rapat_id:
 LIMIT 1', [...], false)
 5 SYSTEMPATH\Model.php(330): CodeIgniter\Database\BaseBuilder->get()
 6 SYSTEMPATH\BaseModel.php(714): CodeIgniter\Model->doFirst()
 7 APPPATH\Controllers\BerandaController.php(35): CodeIgniter\BaseModel->first()
 8 SYSTEMPATH\CodeIgniter.php(933): App\Controllers\BerandaController->index()
 9 SYSTEMPATH\CodeIgniter.php(509): CodeIgniter\CodeIgniter->runController(Object(App\Controllers\BerandaController))
10 SYSTEMPATH\CodeIgniter.php(355): CodeIgniter\CodeIgniter->handleRequest(null, Object(Config\Cache), false)
11 SYSTEMPATH\Boot.php(325): CodeIgniter\CodeIgniter->run()
12 SYSTEMPATH\Boot.php(67): CodeIgniter\Boot::runCodeIgniter(Object(CodeIgniter\CodeIgniter))
13 FCPATH\index.php(56): CodeIgniter\Boot::bootWeb(Object(Config\Paths))
14 SYSTEMPATH\rewrite.php(44): require_once('C:\\laragon\\www\\storetubes\\public\\index.php')
CRITICAL - 2024-11-04 00:19:07 --> ErrorException: Undefined array key "text"
[Method: GET, Route: beranda]
in APPPATH\Controllers\BerandaController.php on line 37.
 1 APPPATH\Controllers\BerandaController.php(37): CodeIgniter\Debug\Exceptions->errorHandler(2, 'Undefined array key "text"', 'C:\\laragon\\www\\storetubes\\app\\Controllers\\BerandaController.php', 37)
 2 SYSTEMPATH\CodeIgniter.php(933): App\Controllers\BerandaController->index()
 3 SYSTEMPATH\CodeIgniter.php(509): CodeIgniter\CodeIgniter->runController(Object(App\Controllers\BerandaController))
 4 SYSTEMPATH\CodeIgniter.php(355): CodeIgniter\CodeIgniter->handleRequest(null, Object(Config\Cache), false)
 5 SYSTEMPATH\Boot.php(325): CodeIgniter\CodeIgniter->run()
 6 SYSTEMPATH\Boot.php(67): CodeIgniter\Boot::runCodeIgniter(Object(CodeIgniter\CodeIgniter))
 7 FCPATH\index.php(56): CodeIgniter\Boot::bootWeb(Object(Config\Paths))
 8 SYSTEMPATH\rewrite.php(44): require_once('C:\\laragon\\www\\storetubes\\public\\index.php')
CRITICAL - 2024-11-04 00:19:40 --> ErrorException: Undefined array key "text"
[Method: GET, Route: beranda]
in APPPATH\Controllers\BerandaController.php on line 37.
 1 APPPATH\Controllers\BerandaController.php(37): CodeIgniter\Debug\Exceptions->errorHandler(2, 'Undefined array key "text"', 'C:\\laragon\\www\\storetubes\\app\\Controllers\\BerandaController.php', 37)
 2 SYSTEMPATH\CodeIgniter.php(933): App\Controllers\BerandaController->index()
 3 SYSTEMPATH\CodeIgniter.php(509): CodeIgniter\CodeIgniter->runController(Object(App\Controllers\BerandaController))
 4 SYSTEMPATH\CodeIgniter.php(355): CodeIgniter\CodeIgniter->handleRequest(null, Object(Config\Cache), false)
 5 SYSTEMPATH\Boot.php(325): CodeIgniter\CodeIgniter->run()
 6 SYSTEMPATH\Boot.php(67): CodeIgniter\Boot::runCodeIgniter(Object(CodeIgniter\CodeIgniter))
 7 FCPATH\index.php(56): CodeIgniter\Boot::bootWeb(Object(Config\Paths))
 8 SYSTEMPATH\rewrite.php(44): require_once('C:\\laragon\\www\\storetubes\\public\\index.php')
CRITICAL - 2024-11-04 00:22:18 --> ErrorException: Undefined variable $user
[Method: GET, Route: beranda]
in APPPATH\Views\beranda.php on line 28.
 1 APPPATH\Views\beranda.php(28): CodeIgniter\Debug\Exceptions->errorHandler(2, 'Undefined variable $user', 'C:\\laragon\\www\\storetubes\\app\\Views\\beranda.php', 28)
 2 SYSTEMPATH\View\View.php(234): include('C:\\laragon\\www\\storetubes\\app\\Views\\beranda.php')
 3 SYSTEMPATH\View\View.php(237): CodeIgniter\View\View->CodeIgniter\View\{closure}()
 4 SYSTEMPATH\Common.php(1171): CodeIgniter\View\View->render('beranda', [], true)
 5 APPPATH\Controllers\BerandaController.php(44): view('beranda', [...])
 6 SYSTEMPATH\CodeIgniter.php(933): App\Controllers\BerandaController->index()
 7 SYSTEMPATH\CodeIgniter.php(509): CodeIgniter\CodeIgniter->runController(Object(App\Controllers\BerandaController))
 8 SYSTEMPATH\CodeIgniter.php(355): CodeIgniter\CodeIgniter->handleRequest(null, Object(Config\Cache), false)
 9 SYSTEMPATH\Boot.php(325): CodeIgniter\CodeIgniter->run()
10 SYSTEMPATH\Boot.php(67): CodeIgniter\Boot::runCodeIgniter(Object(CodeIgniter\CodeIgniter))
11 FCPATH\index.php(56): CodeIgniter\Boot::bootWeb(Object(Config\Paths))
12 SYSTEMPATH\rewrite.php(44): require_once('C:\\laragon\\www\\storetubes\\public\\index.php')
CRITICAL - 2024-11-04 00:22:19 --> ErrorException: Undefined variable $user
[Method: GET, Route: beranda]
in APPPATH\Views\beranda.php on line 28.
 1 APPPATH\Views\beranda.php(28): CodeIgniter\Debug\Exceptions->errorHandler(2, 'Undefined variable $user', 'C:\\laragon\\www\\storetubes\\app\\Views\\beranda.php', 28)
 2 SYSTEMPATH\View\View.php(234): include('C:\\laragon\\www\\storetubes\\app\\Views\\beranda.php')
 3 SYSTEMPATH\View\View.php(237): CodeIgniter\View\View->CodeIgniter\View\{closure}()
 4 SYSTEMPATH\Common.php(1171): CodeIgniter\View\View->render('beranda', [], true)
 5 APPPATH\Controllers\BerandaController.php(44): view('beranda', [...])
 6 SYSTEMPATH\CodeIgniter.php(933): App\Controllers\BerandaController->index()
 7 SYSTEMPATH\CodeIgniter.php(509): CodeIgniter\CodeIgniter->runController(Object(App\Controllers\BerandaController))
 8 SYSTEMPATH\CodeIgniter.php(355): CodeIgniter\CodeIgniter->handleRequest(null, Object(Config\Cache), false)
 9 SYSTEMPATH\Boot.php(325): CodeIgniter\CodeIgniter->run()
10 SYSTEMPATH\Boot.php(67): CodeIgniter\Boot::runCodeIgniter(Object(CodeIgniter\CodeIgniter))
11 FCPATH\index.php(56): CodeIgniter\Boot::bootWeb(Object(Config\Paths))
12 SYSTEMPATH\rewrite.php(44): require_once('C:\\laragon\\www\\storetubes\\public\\index.php')
CRITICAL - 2024-11-04 00:22:41 --> ErrorException: Undefined variable $user
[Method: GET, Route: beranda]
in APPPATH\Views\beranda.php on line 28.
 1 APPPATH\Views\beranda.php(28): CodeIgniter\Debug\Exceptions->errorHandler(2, 'Undefined variable $user', 'C:\\laragon\\www\\storetubes\\app\\Views\\beranda.php', 28)
 2 SYSTEMPATH\View\View.php(234): include('C:\\laragon\\www\\storetubes\\app\\Views\\beranda.php')
 3 SYSTEMPATH\View\View.php(237): CodeIgniter\View\View->CodeIgniter\View\{closure}()
 4 SYSTEMPATH\Common.php(1171): CodeIgniter\View\View->render('beranda', [], true)
 5 APPPATH\Controllers\BerandaController.php(44): view('beranda', [...])
 6 SYSTEMPATH\CodeIgniter.php(933): App\Controllers\BerandaController->index()
 7 SYSTEMPATH\CodeIgniter.php(509): CodeIgniter\CodeIgniter->runController(Object(App\Controllers\BerandaController))
 8 SYSTEMPATH\CodeIgniter.php(355): CodeIgniter\CodeIgniter->handleRequest(null, Object(Config\Cache), false)
 9 SYSTEMPATH\Boot.php(325): CodeIgniter\CodeIgniter->run()
10 SYSTEMPATH\Boot.php(67): CodeIgniter\Boot::runCodeIgniter(Object(CodeIgniter\CodeIgniter))
11 FCPATH\index.php(56): CodeIgniter\Boot::bootWeb(Object(Config\Paths))
12 SYSTEMPATH\rewrite.php(44): require_once('C:\\laragon\\www\\storetubes\\public\\index.php')
CRITICAL - 2024-11-04 00:25:38 --> ErrorException: Undefined variable $rapats
[Method: GET, Route: beranda]
in APPPATH\Views\beranda.php on line 60.
 1 APPPATH\Views\beranda.php(60): CodeIgniter\Debug\Exceptions->errorHandler(2, 'Undefined variable $rapats', 'C:\\laragon\\www\\storetubes\\app\\Views\\beranda.php', 60)
 2 SYSTEMPATH\View\View.php(234): include('C:\\laragon\\www\\storetubes\\app\\Views\\beranda.php')
 3 SYSTEMPATH\View\View.php(237): CodeIgniter\View\View->CodeIgniter\View\{closure}()
 4 SYSTEMPATH\Common.php(1171): CodeIgniter\View\View->render('beranda', [], true)
 5 APPPATH\Controllers\BerandaController.php(138): view('beranda', [...])
 6 SYSTEMPATH\CodeIgniter.php(933): App\Controllers\BerandaController->index()
 7 SYSTEMPATH\CodeIgniter.php(509): CodeIgniter\CodeIgniter->runController(Object(App\Controllers\BerandaController))
 8 SYSTEMPATH\CodeIgniter.php(355): CodeIgniter\CodeIgniter->handleRequest(null, Object(Config\Cache), false)
 9 SYSTEMPATH\Boot.php(325): CodeIgniter\CodeIgniter->run()
10 SYSTEMPATH\Boot.php(67): CodeIgniter\Boot::runCodeIgniter(Object(CodeIgniter\CodeIgniter))
11 FCPATH\index.php(56): CodeIgniter\Boot::bootWeb(Object(Config\Paths))
12 SYSTEMPATH\rewrite.php(44): require_once('C:\\laragon\\www\\storetubes\\public\\index.php')
CRITICAL - 2024-11-04 00:26:51 --> ErrorException: Undefined variable $id
[Method: GET, Route: beranda]
in APPPATH\Views\beranda.php on line 68.
 1 APPPATH\Views\beranda.php(68): CodeIgniter\Debug\Exceptions->errorHandler(2, 'Undefined variable $id', 'C:\\laragon\\www\\storetubes\\app\\Views\\beranda.php', 68)
 2 SYSTEMPATH\View\View.php(234): include('C:\\laragon\\www\\storetubes\\app\\Views\\beranda.php')
 3 SYSTEMPATH\View\View.php(237): CodeIgniter\View\View->CodeIgniter\View\{closure}()
 4 SYSTEMPATH\Common.php(1171): CodeIgniter\View\View->render('beranda', [], true)
 5 APPPATH\Controllers\BerandaController.php(138): view('beranda', [...])
 6 SYSTEMPATH\CodeIgniter.php(933): App\Controllers\BerandaController->index()
 7 SYSTEMPATH\CodeIgniter.php(509): CodeIgniter\CodeIgniter->runController(Object(App\Controllers\BerandaController))
 8 SYSTEMPATH\CodeIgniter.php(355): CodeIgniter\CodeIgniter->handleRequest(null, Object(Config\Cache), false)
 9 SYSTEMPATH\Boot.php(325): CodeIgniter\CodeIgniter->run()
10 SYSTEMPATH\Boot.php(67): CodeIgniter\Boot::runCodeIgniter(Object(CodeIgniter\CodeIgniter))
11 FCPATH\index.php(56): CodeIgniter\Boot::bootWeb(Object(Config\Paths))
12 SYSTEMPATH\rewrite.php(44): require_once('C:\\laragon\\www\\storetubes\\public\\index.php')
CRITICAL - 2024-11-04 00:28:22 --> ErrorException: Undefined variable $id
[Method: GET, Route: beranda]
in APPPATH\Views\beranda.php on line 68.
 1 APPPATH\Views\beranda.php(68): CodeIgniter\Debug\Exceptions->errorHandler(2, 'Undefined variable $id', 'C:\\laragon\\www\\storetubes\\app\\Views\\beranda.php', 68)
 2 SYSTEMPATH\View\View.php(234): include('C:\\laragon\\www\\storetubes\\app\\Views\\beranda.php')
 3 SYSTEMPATH\View\View.php(237): CodeIgniter\View\View->CodeIgniter\View\{closure}()
 4 SYSTEMPATH\Common.php(1171): CodeIgniter\View\View->render('beranda', [], true)
 5 APPPATH\Controllers\BerandaController.php(138): view('beranda', [...])
 6 SYSTEMPATH\CodeIgniter.php(933): App\Controllers\BerandaController->index()
 7 SYSTEMPATH\CodeIgniter.php(509): CodeIgniter\CodeIgniter->runController(Object(App\Controllers\BerandaController))
 8 SYSTEMPATH\CodeIgniter.php(355): CodeIgniter\CodeIgniter->handleRequest(null, Object(Config\Cache), false)
 9 SYSTEMPATH\Boot.php(325): CodeIgniter\CodeIgniter->run()
10 SYSTEMPATH\Boot.php(67): CodeIgniter\Boot::runCodeIgniter(Object(CodeIgniter\CodeIgniter))
11 FCPATH\index.php(56): CodeIgniter\Boot::bootWeb(Object(Config\Paths))
12 SYSTEMPATH\rewrite.php(44): require_once('C:\\laragon\\www\\storetubes\\public\\index.php')
CRITICAL - 2024-11-04 00:29:23 --> ErrorException: Undefined variable $userId
[Method: GET, Route: beranda]
in APPPATH\Views\beranda.php on line 122.
 1 APPPATH\Views\beranda.php(122): CodeIgniter\Debug\Exceptions->errorHandler(2, 'Undefined variable $userId', 'C:\\laragon\\www\\storetubes\\app\\Views\\beranda.php', 122)
 2 SYSTEMPATH\View\View.php(234): include('C:\\laragon\\www\\storetubes\\app\\Views\\beranda.php')
 3 SYSTEMPATH\View\View.php(237): CodeIgniter\View\View->CodeIgniter\View\{closure}()
 4 SYSTEMPATH\Common.php(1171): CodeIgniter\View\View->render('beranda', [], true)
 5 APPPATH\Controllers\BerandaController.php(138): view('beranda', [...])
 6 SYSTEMPATH\CodeIgniter.php(933): App\Controllers\BerandaController->index()
 7 SYSTEMPATH\CodeIgniter.php(509): CodeIgniter\CodeIgniter->runController(Object(App\Controllers\BerandaController))
 8 SYSTEMPATH\CodeIgniter.php(355): CodeIgniter\CodeIgniter->handleRequest(null, Object(Config\Cache), false)
 9 SYSTEMPATH\Boot.php(325): CodeIgniter\CodeIgniter->run()
10 SYSTEMPATH\Boot.php(67): CodeIgniter\Boot::runCodeIgniter(Object(CodeIgniter\CodeIgniter))
11 FCPATH\index.php(56): CodeIgniter\Boot::bootWeb(Object(Config\Paths))
12 SYSTEMPATH\rewrite.php(44): require_once('C:\\laragon\\www\\storetubes\\public\\index.php')
CRITICAL - 2024-11-04 00:31:53 --> ErrorException: Undefined array key "text"
[Method: GET, Route: transcription/view/6]
in APPPATH\Views\transcription_view.php on line 19.
 1 APPPATH\Views\transcription_view.php(19): CodeIgniter\Debug\Exceptions->errorHandler(2, 'Undefined array key "text"', 'C:\\laragon\\www\\storetubes\\app\\Views\\transcription_view.php', 19)
 2 SYSTEMPATH\View\View.php(234): include('C:\\laragon\\www\\storetubes\\app\\Views\\transcription_view.php')
 3 SYSTEMPATH\View\View.php(237): CodeIgniter\View\View->CodeIgniter\View\{closure}()
 4 SYSTEMPATH\Common.php(1171): CodeIgniter\View\View->render('transcription_view', [], true)
 5 APPPATH\Controllers\BerandaController.php(335): view('transcription_view', [...])
 6 SYSTEMPATH\CodeIgniter.php(933): App\Controllers\BerandaController->viewTranscription('6')
 7 SYSTEMPATH\CodeIgniter.php(509): CodeIgniter\CodeIgniter->runController(Object(App\Controllers\BerandaController))
 8 SYSTEMPATH\CodeIgniter.php(355): CodeIgniter\CodeIgniter->handleRequest(null, Object(Config\Cache), false)
 9 SYSTEMPATH\Boot.php(325): CodeIgniter\CodeIgniter->run()
10 SYSTEMPATH\Boot.php(67): CodeIgniter\Boot::runCodeIgniter(Object(CodeIgniter\CodeIgniter))
11 FCPATH\index.php(56): CodeIgniter\Boot::bootWeb(Object(Config\Paths))
12 SYSTEMPATH\rewrite.php(44): require_once('C:\\laragon\\www\\storetubes\\public\\index.php')
CRITICAL - 2024-11-04 00:32:01 --> ErrorException: Undefined array key "text"
[Method: GET, Route: transcription/view/6]
in APPPATH\Views\transcription_view.php on line 19.
 1 APPPATH\Views\transcription_view.php(19): CodeIgniter\Debug\Exceptions->errorHandler(2, 'Undefined array key "text"', 'C:\\laragon\\www\\storetubes\\app\\Views\\transcription_view.php', 19)
 2 SYSTEMPATH\View\View.php(234): include('C:\\laragon\\www\\storetubes\\app\\Views\\transcription_view.php')
 3 SYSTEMPATH\View\View.php(237): CodeIgniter\View\View->CodeIgniter\View\{closure}()
 4 SYSTEMPATH\Common.php(1171): CodeIgniter\View\View->render('transcription_view', [], true)
 5 APPPATH\Controllers\BerandaController.php(335): view('transcription_view', [...])
 6 SYSTEMPATH\CodeIgniter.php(933): App\Controllers\BerandaController->viewTranscription('6')
 7 SYSTEMPATH\CodeIgniter.php(509): CodeIgniter\CodeIgniter->runController(Object(App\Controllers\BerandaController))
 8 SYSTEMPATH\CodeIgniter.php(355): CodeIgniter\CodeIgniter->handleRequest(null, Object(Config\Cache), false)
 9 SYSTEMPATH\Boot.php(325): CodeIgniter\CodeIgniter->run()
10 SYSTEMPATH\Boot.php(67): CodeIgniter\Boot::runCodeIgniter(Object(CodeIgniter\CodeIgniter))
11 FCPATH\index.php(56): CodeIgniter\Boot::bootWeb(Object(Config\Paths))
12 SYSTEMPATH\rewrite.php(44): require_once('C:\\laragon\\www\\storetubes\\public\\index.php')
CRITICAL - 2024-11-04 00:32:10 --> ErrorException: Undefined array key "text"
[Method: GET, Route: transcription/view/6]
in APPPATH\Views\transcription_view.php on line 20.
 1 APPPATH\Views\transcription_view.php(20): CodeIgniter\Debug\Exceptions->errorHandler(2, 'Undefined array key "text"', 'C:\\laragon\\www\\storetubes\\app\\Views\\transcription_view.php', 20)
 2 SYSTEMPATH\View\View.php(234): include('C:\\laragon\\www\\storetubes\\app\\Views\\transcription_view.php')
 3 SYSTEMPATH\View\View.php(237): CodeIgniter\View\View->CodeIgniter\View\{closure}()
 4 SYSTEMPATH\Common.php(1171): CodeIgniter\View\View->render('transcription_view', [], true)
 5 APPPATH\Controllers\BerandaController.php(335): view('transcription_view', [...])
 6 SYSTEMPATH\CodeIgniter.php(933): App\Controllers\BerandaController->viewTranscription('6')
 7 SYSTEMPATH\CodeIgniter.php(509): CodeIgniter\CodeIgniter->runController(Object(App\Controllers\BerandaController))
 8 SYSTEMPATH\CodeIgniter.php(355): CodeIgniter\CodeIgniter->handleRequest(null, Object(Config\Cache), false)
 9 SYSTEMPATH\Boot.php(325): CodeIgniter\CodeIgniter->run()
10 SYSTEMPATH\Boot.php(67): CodeIgniter\Boot::runCodeIgniter(Object(CodeIgniter\CodeIgniter))
11 FCPATH\index.php(56): CodeIgniter\Boot::bootWeb(Object(Config\Paths))
12 SYSTEMPATH\rewrite.php(44): require_once('C:\\laragon\\www\\storetubes\\public\\index.php')
